{"/home/leoperazzini/boilerplate-node-ts/src/app/controllers/user.controller.ts": {"path":"/home/leoperazzini/boilerplate-node-ts/src/app/controllers/user.controller.ts","statementMap":{"0":{"start":{"line":2,"column":0},"end":{"line":2,"column":55}},"1":{"start":{"line":6,"column":4},"end":{"line":16,"column":null}},"2":{"start":{"line":7,"column":23},"end":{"line":10,"column":null}},"3":{"start":{"line":13,"column":6},"end":{"line":13,"column":61}},"4":{"start":{"line":15,"column":6},"end":{"line":15,"column":37}},"5":{"start":{"line":20,"column":4},"end":{"line":27,"column":null}},"6":{"start":{"line":21,"column":21},"end":{"line":22,"column":null}},"7":{"start":{"line":24,"column":6},"end":{"line":24,"column":30}},"8":{"start":{"line":26,"column":6},"end":{"line":26,"column":37}},"9":{"start":{"line":31,"column":4},"end":{"line":36,"column":null}},"10":{"start":{"line":32,"column":21},"end":{"line":32,"column":64}},"11":{"start":{"line":33,"column":6},"end":{"line":33,"column":57}},"12":{"start":{"line":35,"column":6},"end":{"line":35,"column":37}},"13":{"start":{"line":40,"column":4},"end":{"line":45,"column":null}},"14":{"start":{"line":41,"column":21},"end":{"line":41,"column":76}},"15":{"start":{"line":42,"column":6},"end":{"line":42,"column":57}},"16":{"start":{"line":44,"column":6},"end":{"line":44,"column":37}},"17":{"start":{"line":49,"column":4},"end":{"line":56,"column":null}},"18":{"start":{"line":50,"column":21},"end":{"line":50,"column":66}},"19":{"start":{"line":52,"column":6},"end":{"line":52,"column":50}},"20":{"start":{"line":54,"column":6},"end":{"line":54,"column":21}},"21":{"start":{"line":55,"column":6},"end":{"line":55,"column":37}},"22":{"start":{"line":60,"column":0},"end":{"line":60,"column":40}}},"fnMap":{"0":{"name":"(anonymous_6)","decl":{"start":{"line":5,"column":8},"end":{"line":5,"column":14}},"loc":{"start":{"line":5,"column":42},"end":{"line":17,"column":null}}},"1":{"name":"(anonymous_8)","decl":{"start":{"line":19,"column":8},"end":{"line":19,"column":13}},"loc":{"start":{"line":19,"column":41},"end":{"line":28,"column":null}}},"2":{"name":"(anonymous_10)","decl":{"start":{"line":30,"column":8},"end":{"line":30,"column":12}},"loc":{"start":{"line":30,"column":40},"end":{"line":37,"column":null}}},"3":{"name":"(anonymous_12)","decl":{"start":{"line":39,"column":8},"end":{"line":39,"column":14}},"loc":{"start":{"line":39,"column":42},"end":{"line":46,"column":null}}},"4":{"name":"(anonymous_14)","decl":{"start":{"line":48,"column":8},"end":{"line":48,"column":14}},"loc":{"start":{"line":48,"column":42},"end":{"line":57,"column":null}}}},"branchMap":{"0":{"loc":{"start":{"line":13,"column":35},"end":{"line":13,"column":38}},"type":"cond-expr","locations":[{"start":{"line":13,"column":35},"end":{"line":13,"column":38}},{"start":{"line":13,"column":41},"end":{"line":13,"column":44}}]},"1":{"loc":{"start":{"line":22,"column":39},"end":{"line":22,"column":47}},"type":"cond-expr","locations":[{"start":{"line":22,"column":39},"end":{"line":22,"column":47}},{"start":{"line":22,"column":50},"end":{"line":22,"column":59}}]},"2":{"loc":{"start":{"line":33,"column":33},"end":{"line":33,"column":36}},"type":"cond-expr","locations":[{"start":{"line":33,"column":33},"end":{"line":33,"column":36}},{"start":{"line":33,"column":39},"end":{"line":33,"column":42}}]},"3":{"loc":{"start":{"line":42,"column":33},"end":{"line":42,"column":36}},"type":"cond-expr","locations":[{"start":{"line":42,"column":33},"end":{"line":42,"column":36}},{"start":{"line":42,"column":39},"end":{"line":42,"column":42}}]},"4":{"loc":{"start":{"line":52,"column":26},"end":{"line":52,"column":29}},"type":"cond-expr","locations":[{"start":{"line":52,"column":26},"end":{"line":52,"column":29}},{"start":{"line":52,"column":32},"end":{"line":52,"column":35}}]}},"s":{"0":1,"1":1,"2":1,"3":1,"4":0,"5":0,"6":0,"7":0,"8":0,"9":0,"10":0,"11":0,"12":0,"13":0,"14":0,"15":0,"16":0,"17":0,"18":0,"19":0,"20":0,"21":0,"22":1},"f":{"0":1,"1":0,"2":0,"3":0,"4":0},"b":{"0":[1,0],"1":[0,0],"2":[0,0],"3":[0,0],"4":[0,0]}}
,"/home/leoperazzini/boilerplate-node-ts/src/app/middlewares/param-camelizer.ts": {"path":"/home/leoperazzini/boilerplate-node-ts/src/app/middlewares/param-camelizer.ts","statementMap":{"0":{"start":{"line":3,"column":17},"end":{"line":3,"column":52}},"1":{"start":{"line":9,"column":4},"end":{"line":9,"column":34}},"2":{"start":{"line":10,"column":4},"end":{"line":10,"column":36}},"3":{"start":{"line":11,"column":4},"end":{"line":11,"column":11}},"4":{"start":{"line":16,"column":0},"end":{"line":16,"column":52}}},"fnMap":{"0":{"name":"(anonymous_0)","decl":{"start":{"line":8,"column":2},"end":{"line":8,"column":7}},"loc":{"start":{"line":8,"column":55},"end":{"line":12,"column":3}}}},"branchMap":{},"s":{"0":1,"1":1,"2":1,"3":1,"4":1},"f":{"0":1},"b":{}}
,"/home/leoperazzini/boilerplate-node-ts/src/app/middlewares/validator-checker.ts": {"path":"/home/leoperazzini/boilerplate-node-ts/src/app/middlewares/validator-checker.ts","statementMap":{"0":{"start":{"line":3,"column":0},"end":{"line":3,"column":53}},"1":{"start":{"line":7,"column":19},"end":{"line":7,"column":40}},"2":{"start":{"line":9,"column":4},"end":{"line":10,"column":50}},"3":{"start":{"line":10,"column":6},"end":{"line":10,"column":50}},"4":{"start":{"line":12,"column":4},"end":{"line":12,"column":11}},"5":{"start":{"line":16,"column":0},"end":{"line":16,"column":45}}},"fnMap":{"0":{"name":"(anonymous_0)","decl":{"start":{"line":6,"column":2},"end":{"line":6,"column":8}},"loc":{"start":{"line":6,"column":56},"end":{"line":13,"column":3}}}},"branchMap":{"0":{"loc":{"start":{"line":9,"column":4},"end":{"line":10,"column":50}},"type":"if","locations":[{"start":{"line":9,"column":4},"end":{"line":10,"column":50}},{"start":{"line":9,"column":4},"end":{"line":10,"column":50}}]}},"s":{"0":1,"1":1,"2":1,"3":0,"4":1,"5":1},"f":{"0":1},"b":{"0":[0,1]}}
,"/home/leoperazzini/boilerplate-node-ts/src/app/models/User.ts": {"path":"/home/leoperazzini/boilerplate-node-ts/src/app/models/User.ts","statementMap":{"0":{"start":{"line":1,"column":0},"end":{"line":1,"column":null}},"1":{"start":{"line":34,"column":0},"end":{"line":67,"column":null}},"2":{"start":{"line":38,"column":2},"end":{"line":38,"column":null}},"3":{"start":{"line":43,"column":2},"end":{"line":43,"column":null}},"4":{"start":{"line":47,"column":2},"end":{"line":47,"column":null}},"5":{"start":{"line":51,"column":2},"end":{"line":51,"column":null}},"6":{"start":{"line":55,"column":2},"end":{"line":55,"column":null}},"7":{"start":{"line":59,"column":2},"end":{"line":59,"column":null}},"8":{"start":{"line":34,"column":21},"end":{"line":67,"column":null}},"9":{"start":{"line":34,"column":21},"end":{"line":34,"column":26}}},"fnMap":{},"branchMap":{},"s":{"0":1,"1":1,"2":1,"3":1,"4":1,"5":1,"6":1,"7":1,"8":1,"9":1},"f":{},"b":{}}
,"/home/leoperazzini/boilerplate-node-ts/src/app/services/user.service.ts": {"path":"/home/leoperazzini/boilerplate-node-ts/src/app/services/user.service.ts","statementMap":{"0":{"start":{"line":2,"column":0},"end":{"line":2,"column":31}},"1":{"start":{"line":6,"column":0},"end":{"line":6,"column":53}},"2":{"start":{"line":10,"column":4},"end":{"line":14,"column":null}},"3":{"start":{"line":11,"column":6},"end":{"line":11,"column":37}},"4":{"start":{"line":13,"column":6},"end":{"line":13,"column":14}},"5":{"start":{"line":18,"column":4},"end":{"line":43,"column":null}},"6":{"start":{"line":19,"column":25},"end":{"line":19,"column":27}},"7":{"start":{"line":21,"column":6},"end":{"line":21,"column":74}},"8":{"start":{"line":21,"column":43},"end":{"line":21,"column":74}},"9":{"start":{"line":23,"column":6},"end":{"line":23,"column":62}},"10":{"start":{"line":23,"column":39},"end":{"line":23,"column":62}},"11":{"start":{"line":25,"column":6},"end":{"line":28,"column":10}},"12":{"start":{"line":26,"column":8},"end":{"line":28,"column":10}},"13":{"start":{"line":30,"column":6},"end":{"line":33,"column":10}},"14":{"start":{"line":31,"column":8},"end":{"line":33,"column":10}},"15":{"start":{"line":35,"column":6},"end":{"line":40,"column":9}},"16":{"start":{"line":42,"column":6},"end":{"line":42,"column":14}},"17":{"start":{"line":47,"column":4},"end":{"line":53,"column":null}},"18":{"start":{"line":48,"column":6},"end":{"line":50,"column":9}},"19":{"start":{"line":52,"column":6},"end":{"line":52,"column":14}},"20":{"start":{"line":57,"column":4},"end":{"line":68,"column":null}},"21":{"start":{"line":58,"column":20},"end":{"line":62,"column":8}},"22":{"start":{"line":64,"column":6},"end":{"line":65,"column":24}},"23":{"start":{"line":64,"column":19},"end":{"line":64,"column":31}},"24":{"start":{"line":65,"column":11},"end":{"line":65,"column":24}},"25":{"start":{"line":67,"column":6},"end":{"line":67,"column":14}},"26":{"start":{"line":72,"column":4},"end":{"line":83,"column":null}},"27":{"start":{"line":73,"column":20},"end":{"line":77,"column":8}},"28":{"start":{"line":79,"column":6},"end":{"line":80,"column":24}},"29":{"start":{"line":79,"column":24},"end":{"line":79,"column":36}},"30":{"start":{"line":80,"column":11},"end":{"line":80,"column":24}},"31":{"start":{"line":82,"column":6},"end":{"line":82,"column":14}},"32":{"start":{"line":8,"column":0},"end":{"line":8,"column":13}}},"fnMap":{"0":{"name":"(anonymous_7)","decl":{"start":{"line":9,"column":8},"end":{"line":9,"column":12}},"loc":{"start":{"line":9,"column":23},"end":{"line":15,"column":null}}},"1":{"name":"(anonymous_9)","decl":{"start":{"line":17,"column":8},"end":{"line":17,"column":13}},"loc":{"start":{"line":17,"column":25},"end":{"line":44,"column":null}}},"2":{"name":"(anonymous_11)","decl":{"start":{"line":46,"column":8},"end":{"line":46,"column":14}},"loc":{"start":{"line":46,"column":34},"end":{"line":54,"column":null}}},"3":{"name":"(anonymous_13)","decl":{"start":{"line":56,"column":8},"end":{"line":56,"column":14}},"loc":{"start":{"line":56,"column":59},"end":{"line":69,"column":null}}},"4":{"name":"(anonymous_15)","decl":{"start":{"line":71,"column":8},"end":{"line":71,"column":14}},"loc":{"start":{"line":71,"column":25},"end":{"line":84,"column":null}}}},"branchMap":{"0":{"loc":{"start":{"line":21,"column":6},"end":{"line":21,"column":74}},"type":"if","locations":[{"start":{"line":21,"column":6},"end":{"line":21,"column":74}},{"start":{"line":21,"column":6},"end":{"line":21,"column":74}}]},"1":{"loc":{"start":{"line":23,"column":6},"end":{"line":23,"column":62}},"type":"if","locations":[{"start":{"line":23,"column":6},"end":{"line":23,"column":62}},{"start":{"line":23,"column":6},"end":{"line":23,"column":62}}]},"2":{"loc":{"start":{"line":25,"column":6},"end":{"line":28,"column":10}},"type":"if","locations":[{"start":{"line":25,"column":6},"end":{"line":28,"column":10}},{"start":{"line":25,"column":6},"end":{"line":28,"column":10}}]},"3":{"loc":{"start":{"line":30,"column":6},"end":{"line":33,"column":10}},"type":"if","locations":[{"start":{"line":30,"column":6},"end":{"line":33,"column":10}},{"start":{"line":30,"column":6},"end":{"line":33,"column":10}}]},"4":{"loc":{"start":{"line":64,"column":6},"end":{"line":65,"column":24}},"type":"if","locations":[{"start":{"line":64,"column":6},"end":{"line":65,"column":24}},{"start":{"line":64,"column":6},"end":{"line":65,"column":24}}]},"5":{"loc":{"start":{"line":79,"column":6},"end":{"line":80,"column":24}},"type":"if","locations":[{"start":{"line":79,"column":6},"end":{"line":80,"column":24}},{"start":{"line":79,"column":6},"end":{"line":80,"column":24}}]}},"s":{"0":1,"1":1,"2":0,"3":0,"4":0,"5":0,"6":0,"7":0,"8":0,"9":0,"10":0,"11":0,"12":0,"13":0,"14":0,"15":0,"16":0,"17":1,"18":1,"19":0,"20":0,"21":0,"22":0,"23":0,"24":0,"25":0,"26":0,"27":0,"28":0,"29":0,"30":0,"31":0,"32":1},"f":{"0":0,"1":0,"2":1,"3":0,"4":0},"b":{"0":[0,0],"1":[0,0],"2":[0,0],"3":[0,0],"4":[0,0],"5":[0,0]}}
,"/home/leoperazzini/boilerplate-node-ts/src/app/validators/user.validator.ts": {"path":"/home/leoperazzini/boilerplate-node-ts/src/app/validators/user.validator.ts","statementMap":{"0":{"start":{"line":1,"column":0},"end":{"line":1,"column":42}},"1":{"start":{"line":3,"column":13},"end":{"line":6,"column":2}},"2":{"start":{"line":8,"column":13},"end":{"line":15,"column":2}},"3":{"start":{"line":17,"column":13},"end":{"line":24,"column":2}}},"fnMap":{},"branchMap":{},"s":{"0":1,"1":1,"2":1,"3":1},"f":{},"b":{}}
}
