TN:
SF:/home/leoperazzini/boilerplate-node-ts/src/app/controllers/user.controller.ts
FN:5,(anonymous_6)
FN:19,(anonymous_8)
FN:30,(anonymous_10)
FN:39,(anonymous_12)
FN:48,(anonymous_14)
FNF:5
FNH:1
FNDA:1,(anonymous_6)
FNDA:0,(anonymous_8)
FNDA:0,(anonymous_10)
FNDA:0,(anonymous_12)
FNDA:0,(anonymous_14)
DA:2,1
DA:6,1
DA:7,1
DA:13,1
DA:15,0
DA:20,0
DA:21,0
DA:24,0
DA:26,0
DA:31,0
DA:32,0
DA:33,0
DA:35,0
DA:40,0
DA:41,0
DA:42,0
DA:44,0
DA:49,0
DA:50,0
DA:52,0
DA:54,0
DA:55,0
DA:60,1
LF:23
LH:5
BRDA:13,0,0,1
BRDA:13,0,1,0
BRDA:22,1,0,0
BRDA:22,1,1,0
BRDA:33,2,0,0
BRDA:33,2,1,0
BRDA:42,3,0,0
BRDA:42,3,1,0
BRDA:52,4,0,0
BRDA:52,4,1,0
BRF:10
BRH:1
end_of_record
TN:
SF:/home/leoperazzini/boilerplate-node-ts/src/app/middlewares/param-camelizer.ts
FN:8,(anonymous_0)
FNF:1
FNH:1
FNDA:1,(anonymous_0)
DA:3,1
DA:9,1
DA:10,1
DA:11,1
DA:16,1
LF:5
LH:5
BRF:0
BRH:0
end_of_record
TN:
SF:/home/leoperazzini/boilerplate-node-ts/src/app/middlewares/validator-checker.ts
FN:6,(anonymous_0)
FNF:1
FNH:1
FNDA:1,(anonymous_0)
DA:3,1
DA:7,1
DA:9,1
DA:10,0
DA:12,1
DA:16,1
LF:6
LH:5
BRDA:9,0,0,0
BRDA:9,0,1,1
BRF:2
BRH:1
end_of_record
TN:
SF:/home/leoperazzini/boilerplate-node-ts/src/app/models/User.ts
FNF:0
FNH:0
DA:1,1
DA:34,1
DA:38,1
DA:43,1
DA:47,1
DA:51,1
DA:55,1
DA:59,1
LF:8
LH:8
BRF:0
BRH:0
end_of_record
TN:
SF:/home/leoperazzini/boilerplate-node-ts/src/app/services/user.service.ts
FN:9,(anonymous_7)
FN:17,(anonymous_9)
FN:46,(anonymous_11)
FN:56,(anonymous_13)
FN:71,(anonymous_15)
FNF:5
FNH:1
FNDA:0,(anonymous_7)
FNDA:0,(anonymous_9)
FNDA:1,(anonymous_11)
FNDA:0,(anonymous_13)
FNDA:0,(anonymous_15)
DA:2,1
DA:6,1
DA:8,1
DA:10,0
DA:11,0
DA:13,0
DA:18,0
DA:19,0
DA:21,0
DA:23,0
DA:25,0
DA:26,0
DA:30,0
DA:31,0
DA:35,0
DA:42,0
DA:47,1
DA:48,1
DA:52,0
DA:57,0
DA:58,0
DA:64,0
DA:65,0
DA:67,0
DA:72,0
DA:73,0
DA:79,0
DA:80,0
DA:82,0
LF:29
LH:5
BRDA:21,0,0,0
BRDA:21,0,1,0
BRDA:23,1,0,0
BRDA:23,1,1,0
BRDA:25,2,0,0
BRDA:25,2,1,0
BRDA:30,3,0,0
BRDA:30,3,1,0
BRDA:64,4,0,0
BRDA:64,4,1,0
BRDA:79,5,0,0
BRDA:79,5,1,0
BRF:12
BRH:0
end_of_record
TN:
SF:/home/leoperazzini/boilerplate-node-ts/src/app/validators/user.validator.ts
FNF:0
FNH:0
DA:1,1
DA:3,1
DA:8,1
DA:17,1
LF:4
LH:4
BRF:0
BRH:0
end_of_record
